<component name="libraryTable">
  <library name="junit-4.0">
    <CLASSES>
      <root url="jar://$PROJECT_DIR$/sources/robovm-studio/plugins/maven/src/test/data/local1/junit/junit/4.0/junit-4.0.jar!/" />
    </CLASSES>
    <JAVADOC />
    <SOURCES />
  </library>
</component>